<?xml version="1.0" encoding="UTF-8"?>
<!-- Generated by org.testng.reporters.JUnitReportReporter -->
<testsuite skipped="0" hostname="DESKTOP-95QL447" name="org.com.rest.RestAuto.GetAPITest" tests="2" failures="0" timestamp="20 Sep 2019 20:58:55 GMT" time="2.290" errors="0">
  <testcase name="GetTest" time="1.849" classname="org.com.rest.RestAuto.GetAPITest"/>
  <testcase name="getWithHeaders" time="0.441" classname="org.com.rest.RestAuto.GetAPITest"/>
</testsuite> <!-- org.com.rest.RestAuto.GetAPITest -->
