<?xml version="1.0" encoding="UTF-8"?>
<!-- Generated by org.testng.reporters.JUnitReportReporter -->
<testsuite skipped="0" hostname="DESKTOP-95QL447" name="org.com.rest.RestAuto.PostApiTest" tests="1" failures="0" timestamp="22 Sep 2019 20:56:28 GMT" time="2.437" errors="0">
  <testcase name="postApiTest" time="2.437" classname="org.com.rest.RestAuto.PostApiTest"/>
</testsuite> <!-- org.com.rest.RestAuto.PostApiTest -->
